<?xml version="1.0" encoding="UTF-8"?>
<!-- Generated by org.testng.reporters.JUnitReportReporter -->
<testsuite skipped="1" hostname="HKILARI-W10" name="com.vmware.mangle.unittest.task.framework.helpers.AbstractCommandExecutionTaskTest" tests="10" failures="0" timestamp="21 Mar 2019 16:27:02 GMT" time="3.902" errors="0">
  <testcase name="testInitOfInjection" time="0.024" classname="com.vmware.mangle.unittest.task.framework.helpers.AbstractCommandExecutionTaskTest"/>
  <testcase name="testInitOfRemediation" time="0.002" classname="com.vmware.mangle.unittest.task.framework.helpers.AbstractCommandExecutionTaskTest"/>
  <testcase name="testInitOfRemediationWithEmptyInjectionId" time="0.002" classname="com.vmware.mangle.unittest.task.framework.helpers.AbstractCommandExecutionTaskTest"/>
  <testcase name="testExecuteInjectionTask" time="1.042" classname="com.vmware.mangle.unittest.task.framework.helpers.AbstractCommandExecutionTaskTest"/>
  <testcase name="testPrerequisiteCheckStageOfInjectionTask" time="0.982" classname="com.vmware.mangle.unittest.task.framework.helpers.AbstractCommandExecutionTaskTest"/>
  <testcase name="testPrepareTestmachineStageOfInjectionTask" time="0.899" classname="com.vmware.mangle.unittest.task.framework.helpers.AbstractCommandExecutionTaskTest"/>
  <testcase name="testPrerequisitesCheckStageOfRemediationTask" time="0.001" classname="com.vmware.mangle.unittest.task.framework.helpers.AbstractCommandExecutionTaskTest"/>
  <testcase name="testTriggerRemediationStageOfRemediationTask" time="0.002" classname="com.vmware.mangle.unittest.task.framework.helpers.AbstractCommandExecutionTaskTest"/>
  <testcase name="testExecuteInjectionTaskWithNullTaskTroubleShootingInfo" time="0.948" classname="com.vmware.mangle.unittest.task.framework.helpers.AbstractCommandExecutionTaskTest"/>
  <testcase name="testExecuteRemediationTask" classname="com.vmware.mangle.unittest.task.framework.helpers.AbstractCommandExecutionTaskTest">
    <skipped/>
  </testcase> <!-- testExecuteRemediationTask -->
</testsuite> <!-- com.vmware.mangle.unittest.task.framework.helpers.AbstractCommandExecutionTaskTest -->
