<?xml version="1.0" encoding="UTF-8"?>
<!-- Generated by org.testng.reporters.JUnitReportReporter -->
<testsuite skipped="0" hostname="HKILARI-W10" name="com.vmware.mangle.unittest.faults.plugin.helpers.byteman.K8sBytemanFaultHelperTest" tests="5" failures="0" timestamp="26 Mar 2019 05:44:03 GMT" time="0.474" errors="0">
  <testcase name="testGetJVMAgentRemediationCommandInfoListForCPUFault" time="0.197" classname="com.vmware.mangle.unittest.faults.plugin.helpers.byteman.K8sBytemanFaultHelperTest"/>
  <testcase name="testGetExecutor" time="0.029" classname="com.vmware.mangle.unittest.faults.plugin.helpers.byteman.K8sBytemanFaultHelperTest"/>
  <testcase name="testGetJVMAgentInjectionCommandInfoListForSpringExceptionFault" time="0.017" classname="com.vmware.mangle.unittest.faults.plugin.helpers.byteman.K8sBytemanFaultHelperTest"/>
  <testcase name="testGetJVMAgentInjectionCommandInfoListForCPUFault" time="0.225" classname="com.vmware.mangle.unittest.faults.plugin.helpers.byteman.K8sBytemanFaultHelperTest"/>
  <testcase name="testGetJVMCodeLevelFaultCommandInfoListForForSpringExceptionFault" time="0.006" classname="com.vmware.mangle.unittest.faults.plugin.helpers.byteman.K8sBytemanFaultHelperTest"/>
</testsuite> <!-- com.vmware.mangle.unittest.faults.plugin.helpers.byteman.K8sBytemanFaultHelperTest -->
