<?xml version="1.0" encoding="UTF-8"?>
<!-- Generated by org.testng.reporters.JUnitReportReporter -->
<testsuite skipped="3" hostname="HKILARI-W10" name="com.vmware.mangle.unittest.helpers.k8s.K8sFaultHelperTest" tests="11" failures="0" timestamp="20 Mar 2019 09:38:08 GMT" time="0.300" errors="0">
  <testcase name="testGetResouceList" time="0.002" classname="com.vmware.mangle.unittest.helpers.k8s.K8sFaultHelperTest"/>
  <testcase name="testGetInjectionCommandInfoListForDeleteResourceFault" time="0.239" classname="com.vmware.mangle.unittest.helpers.k8s.K8sFaultHelperTest"/>
  <testcase name="testGetResouceListWithInValidResourceLabels" time="0.004" classname="com.vmware.mangle.unittest.helpers.k8s.K8sFaultHelperTest"/>
  <testcase name="testgetInjectResourceNotReadyFault" time="0.006" classname="com.vmware.mangle.unittest.helpers.k8s.K8sFaultHelperTest"/>
  <testcase name="testGetInjectionCommandInfoListForDeleteResourceFaultWithRandomInjection" time="0.012" classname="com.vmware.mangle.unittest.helpers.k8s.K8sFaultHelperTest"/>
  <testcase name="testGetResouceListWithRandomInjectionTrue" time="0.003" classname="com.vmware.mangle.unittest.helpers.k8s.K8sFaultHelperTest"/>
  <testcase name="testGetInjectionCommandInfoListForUnSupportedFault" time="0.002" classname="com.vmware.mangle.unittest.helpers.k8s.K8sFaultHelperTest"/>
  <testcase name="testGetExecutor" time="0.032" classname="com.vmware.mangle.unittest.helpers.k8s.K8sFaultHelperTest"/>
  <testcase name="testGetResouceListWithErrorResponseFromCommandExecutor" classname="com.vmware.mangle.unittest.helpers.k8s.K8sFaultHelperTest">
    <skipped/>
  </testcase> <!-- testGetResouceListWithErrorResponseFromCommandExecutor -->
  <testcase name="testGetResouceListWithEmptyResponseFromCommandExecutor" classname="com.vmware.mangle.unittest.helpers.k8s.K8sFaultHelperTest">
    <skipped/>
  </testcase> <!-- testGetResouceListWithEmptyResponseFromCommandExecutor -->
  <testcase name="testGetResouceListWithNonZeroExitCodeResponseFromCommandExecutor" classname="com.vmware.mangle.unittest.helpers.k8s.K8sFaultHelperTest">
    <skipped/>
  </testcase> <!-- testGetResouceListWithNonZeroExitCodeResponseFromCommandExecutor -->
</testsuite> <!-- com.vmware.mangle.unittest.helpers.k8s.K8sFaultHelperTest -->
