<?xml version="1.0" encoding="UTF-8"?>
<!-- Generated by org.testng.reporters.JUnitReportReporter -->
<testsuite skipped="0" hostname="HKILARI-W10" name="com.vmware.mangle.unittest.helpers.docker.DockerFaultHelperTest" tests="6" failures="0" timestamp="20 Mar 2019 09:47:39 GMT" time="0.068" errors="0">
  <testcase name="testGetExecutor" time="0.037" classname="com.vmware.mangle.unittest.helpers.docker.DockerFaultHelperTest"/>
  <testcase name="testGetRemediationCommandListDOCKER_PAUSE" time="0.002" classname="com.vmware.mangle.unittest.helpers.docker.DockerFaultHelperTest"/>
  <testcase name="testDockerFaultHelperInit" time="0.009" classname="com.vmware.mangle.unittest.helpers.docker.DockerFaultHelperTest"/>
  <testcase name="testGetRemediationCommandListDOCKER_STOP" time="0.002" classname="com.vmware.mangle.unittest.helpers.docker.DockerFaultHelperTest"/>
  <testcase name="testGetInjectionCommandInfoList" time="0.014" classname="com.vmware.mangle.unittest.helpers.docker.DockerFaultHelperTest"/>
  <testcase name="testGetRemediationCommandListUNSUPPORTED_FAULT" time="0.004" classname="com.vmware.mangle.unittest.helpers.docker.DockerFaultHelperTest"/>
</testsuite> <!-- com.vmware.mangle.unittest.helpers.docker.DockerFaultHelperTest -->
