<?xml version="1.0" encoding="UTF-8"?>
<!-- Generated by org.testng.reporters.JUnitReportReporter -->
<testsuite skipped="0" hostname="HKILARI-W10" name="com.vmware.mangle.unittest.faults.plugin.helpers.systemresource.K8sSystemResourceFaultHelperTest" tests="4" failures="0" timestamp="26 Mar 2019 05:44:08 GMT" time="0.479" errors="0">
  <testcase name="testGetInjectionCommandInfoListforCPUFault" time="0.412" classname="com.vmware.mangle.unittest.faults.plugin.helpers.systemresource.K8sSystemResourceFaultHelperTest"/>
  <testcase name="testGetRemediationCommandInfoListForCPUFault" time="0.006" classname="com.vmware.mangle.unittest.faults.plugin.helpers.systemresource.K8sSystemResourceFaultHelperTest"/>
  <testcase name="testGetExecutor" time="0.008" classname="com.vmware.mangle.unittest.faults.plugin.helpers.systemresource.K8sSystemResourceFaultHelperTest"/>
  <testcase name="testGetAgentFaultInjectionScripts" time="0.053" classname="com.vmware.mangle.unittest.faults.plugin.helpers.systemresource.K8sSystemResourceFaultHelperTest"/>
</testsuite> <!-- com.vmware.mangle.unittest.faults.plugin.helpers.systemresource.K8sSystemResourceFaultHelperTest -->
