<?xml version="1.0" encoding="UTF-8"?>
<!-- Generated by org.testng.reporters.JUnitReportReporter -->
<testsuite skipped="0" hostname="HKILARI-W10" name="com.vmware.mangle.unittest.services.properties.PropertiesTest" tests="2" failures="0" timestamp="25 Mar 2019 13:39:23 GMT" time="0.005" errors="0">
  <testcase name="verifyCassandraDefaultHost" time="0.004" classname="com.vmware.mangle.unittest.services.properties.PropertiesTest"/>
  <testcase name="verifyHazelcastDefaultProperties" time="0.001" classname="com.vmware.mangle.unittest.services.properties.PropertiesTest"/>
</testsuite> <!-- com.vmware.mangle.unittest.services.properties.PropertiesTest -->
