<?xml version="1.0" encoding="UTF-8"?>
<!-- Generated by org.testng.reporters.JUnitReportReporter -->
<testsuite skipped="0" hostname="HKILARI-W10" name="com.vmware.mangle.integrationtest.services.ITAuthProviderController" tests="3" failures="0" timestamp="23 Mar 2019 12:48:04 GMT" time="1.518" errors="0">
  <testcase name="addADAuthProvider" time="0.743" classname="com.vmware.mangle.integrationtest.services.ITAuthProviderController"/>
  <testcase name="updateADAuthProvider" time="0.681" classname="com.vmware.mangle.integrationtest.services.ITAuthProviderController"/>
  <testcase name="getAllADAuthProviders" time="0.094" classname="com.vmware.mangle.integrationtest.services.ITAuthProviderController"/>
</testsuite> <!-- com.vmware.mangle.integrationtest.services.ITAuthProviderController -->
