<?xml version="1.0" encoding="UTF-8"?>
<!-- Generated by org.testng.reporters.JUnitReportReporter -->
<testsuite skipped="0" hostname="HKILARI-W10" name="com.vmware.mangle.integrationtest.services.ITPluginControllerTest" tests="10" failures="0" timestamp="23 Mar 2019 15:07:23 GMT" time="1.062" errors="0">
  <testcase name="testUploadFile" time="0.156" classname="com.vmware.mangle.integrationtest.services.ITPluginControllerTest"/>
  <testcase name="testLoadPluginCase1" time="0.137" classname="com.vmware.mangle.integrationtest.services.ITPluginControllerTest"/>
  <testcase name="testGetPlugins" time="0.091" classname="com.vmware.mangle.integrationtest.services.ITPluginControllerTest"/>
  <testcase name="testGetPluginsString" time="0.084" classname="com.vmware.mangle.integrationtest.services.ITPluginControllerTest"/>
  <testcase name="testDisablePlugin" time="0.091" classname="com.vmware.mangle.integrationtest.services.ITPluginControllerTest"/>
  <testcase name="testEnablePlugin" time="0.092" classname="com.vmware.mangle.integrationtest.services.ITPluginControllerTest"/>
  <testcase name="testUnloadPlugin" time="0.090" classname="com.vmware.mangle.integrationtest.services.ITPluginControllerTest"/>
  <testcase name="testLoadPluginCase2" time="0.096" classname="com.vmware.mangle.integrationtest.services.ITPluginControllerTest"/>
  <testcase name="testDeletePlugin" time="0.106" classname="com.vmware.mangle.integrationtest.services.ITPluginControllerTest"/>
  <testcase name="testLoadPluginCase3" time="0.119" classname="com.vmware.mangle.integrationtest.services.ITPluginControllerTest"/>
</testsuite> <!-- com.vmware.mangle.integrationtest.services.ITPluginControllerTest -->
