<?xml version="1.0" encoding="UTF-8"?>
<!-- Generated by org.testng.reporters.JUnitReportReporter -->
<testsuite skipped="0" hostname="HKILARI-W10" name="com.vmware.mangle.integrationtest.services.ITDockerFaultInjection" tests="4" failures="0" timestamp="23 Mar 2019 15:07:23 GMT" time="172.801" errors="0">
  <testcase name="testDockerPause" time="40.719" classname="com.vmware.mangle.integrationtest.services.ITDockerFaultInjection"/>
  <testcase name="testDockerPauseRemediation" time="40.778" classname="com.vmware.mangle.integrationtest.services.ITDockerFaultInjection"/>
  <testcase name="testDockerStop" time="50.784" classname="com.vmware.mangle.integrationtest.services.ITDockerFaultInjection"/>
  <testcase name="testDockerStopRemediation" time="40.520" classname="com.vmware.mangle.integrationtest.services.ITDockerFaultInjection"/>
</testsuite> <!-- com.vmware.mangle.integrationtest.services.ITDockerFaultInjection -->
