<?xml version="1.0" encoding="UTF-8"?>
<!-- Generated by org.testng.reporters.JUnitReportReporter -->
<testsuite skipped="0" hostname="HKILARI-W10" name="com.vmware.mangle.integrationtest.services.ITEndPointControllerTest" tests="15" failures="0" timestamp="23 Mar 2019 12:48:04 GMT" time="21.235" errors="0">
  <testcase name="addK8SCredentialsTest" time="0.184" classname="com.vmware.mangle.integrationtest.services.ITEndPointControllerTest"/>
  <testcase name="addRMCredentialsTest" time="0.282" classname="com.vmware.mangle.integrationtest.services.ITEndPointControllerTest"/>
  <testcase name="addVCenterCredentialsTest" time="0.267" classname="com.vmware.mangle.integrationtest.services.ITEndPointControllerTest"/>
  <testcase name="updateK8SCredentialsTest" time="0.184" classname="com.vmware.mangle.integrationtest.services.ITEndPointControllerTest"/>
  <testcase name="updateRMCredentialsTest" time="0.239" classname="com.vmware.mangle.integrationtest.services.ITEndPointControllerTest"/>
  <testcase name="getAllCredentialSpecTest" time="0.098" classname="com.vmware.mangle.integrationtest.services.ITEndPointControllerTest"/>
  <testcase name="addRMEndpointTest" time="2.580" classname="com.vmware.mangle.integrationtest.services.ITEndPointControllerTest"/>
  <testcase name="addK8SEndpointTest" time="10.811" classname="com.vmware.mangle.integrationtest.services.ITEndPointControllerTest"/>
  <testcase name="addDockerEndpointTest" time="0.786" classname="com.vmware.mangle.integrationtest.services.ITEndPointControllerTest"/>
  <testcase name="updateRMEndpointTest" time="2.514" classname="com.vmware.mangle.integrationtest.services.ITEndPointControllerTest"/>
  <testcase name="updateK8SEndpointTest" time="1.883" classname="com.vmware.mangle.integrationtest.services.ITEndPointControllerTest"/>
  <testcase name="updateDockerEndpointTest" time="0.771" classname="com.vmware.mangle.integrationtest.services.ITEndPointControllerTest"/>
  <testcase name="getAllEndpointSpecTest" time="0.098" classname="com.vmware.mangle.integrationtest.services.ITEndPointControllerTest"/>
  <testcase name="deleteEndpointSpecTest" time="0.267" classname="com.vmware.mangle.integrationtest.services.ITEndPointControllerTest"/>
  <testcase name="deleteCredentialSpecTest" time="0.271" classname="com.vmware.mangle.integrationtest.services.ITEndPointControllerTest"/>
</testsuite> <!-- com.vmware.mangle.integrationtest.services.ITEndPointControllerTest -->
