<?xml version="1.0" encoding="UTF-8"?>
<!-- Generated by org.testng.reporters.JUnitReportReporter -->
<testsuite skipped="0" hostname="HKILARI-W10" name="com.vmware.mangle.integrationtest.services.ITUserControllerTest" tests="8" failures="0" timestamp="23 Mar 2019 15:07:23 GMT" time="1.156" errors="0">
  <testcase name="createUser" time="0.232" classname="com.vmware.mangle.integrationtest.services.ITUserControllerTest"/>
  <testcase name="createUserFailureITTest" time="0.139" classname="com.vmware.mangle.integrationtest.services.ITUserControllerTest"/>
  <testcase name="updateUserITTestSuccessfull" time="0.129" classname="com.vmware.mangle.integrationtest.services.ITUserControllerTest"/>
  <testcase name="updateUserITTestFailureUserNotFound" time="0.095" classname="com.vmware.mangle.integrationtest.services.ITUserControllerTest"/>
  <testcase name="updateUserITTestFailureRoleNotFound" time="0.097" classname="com.vmware.mangle.integrationtest.services.ITUserControllerTest"/>
  <testcase name="getAllUsers" time="0.090" classname="com.vmware.mangle.integrationtest.services.ITUserControllerTest"/>
  <testcase name="removeUserByName" time="0.186" classname="com.vmware.mangle.integrationtest.services.ITUserControllerTest"/>
  <testcase name="removeUserByNameFailure" time="0.188" classname="com.vmware.mangle.integrationtest.services.ITUserControllerTest"/>
</testsuite> <!-- com.vmware.mangle.integrationtest.services.ITUserControllerTest -->
