<?xml version="1.0" encoding="UTF-8"?>
<!-- Generated by org.testng.reporters.JUnitReportReporter -->
<testsuite skipped="0" hostname="HKILARI-W10" name="com.vmware.mangle.unittest.services.config.ADAuthProviderTest" tests="7" failures="0" timestamp="27 Mar 2019 09:08:30 GMT" time="8.731" errors="0">
  <testcase name="initTest" time="0.064" classname="com.vmware.mangle.unittest.services.config.ADAuthProviderTest"/>
  <testcase name="authenticateTest" time="8.623" classname="com.vmware.mangle.unittest.services.config.ADAuthProviderTest"/>
  <testcase name="supportTestTrue" time="0.016" classname="com.vmware.mangle.unittest.services.config.ADAuthProviderTest"/>
  <testcase name="supportTestFalse" time="0.002" classname="com.vmware.mangle.unittest.services.config.ADAuthProviderTest"/>
  <testcase name="setAdAuthProviderTestFailure" time="0.021" classname="com.vmware.mangle.unittest.services.config.ADAuthProviderTest"/>
  <testcase name="setAdAuthProviderTestSuccessful" time="0.002" classname="com.vmware.mangle.unittest.services.config.ADAuthProviderTest"/>
  <testcase name="removeAdAuthProviderTest" time="0.003" classname="com.vmware.mangle.unittest.services.config.ADAuthProviderTest"/>
</testsuite> <!-- com.vmware.mangle.unittest.services.config.ADAuthProviderTest -->
