<?xml version="1.0" encoding="UTF-8"?>
<!-- Generated by org.testng.reporters.JUnitReportReporter -->
<testsuite skipped="0" hostname="HKILARI-W10" name="com.vmware.mangle.integrationtest.services.ITRoleControllerTest" tests="9" failures="0" timestamp="23 Mar 2019 15:07:23 GMT" time="0.965" errors="0">
  <testcase name="getPrivileges" time="0.128" classname="com.vmware.mangle.integrationtest.services.ITRoleControllerTest"/>
  <testcase name="getRoles" time="0.099" classname="com.vmware.mangle.integrationtest.services.ITRoleControllerTest"/>
  <testcase name="createRole" time="0.153" classname="com.vmware.mangle.integrationtest.services.ITRoleControllerTest"/>
  <testcase name="updateRoleITSuccessful" time="0.108" classname="com.vmware.mangle.integrationtest.services.ITRoleControllerTest"/>
  <testcase name="updateRoleITFailure" time="0.096" classname="com.vmware.mangle.integrationtest.services.ITRoleControllerTest"/>
  <testcase name="updateRoleITSuccessFailureRoleNotFound" time="0.093" classname="com.vmware.mangle.integrationtest.services.ITRoleControllerTest"/>
  <testcase name="removeRoleITSuccessfull" time="0.104" classname="com.vmware.mangle.integrationtest.services.ITRoleControllerTest"/>
  <testcase name="deleteRolesITFailureDefaultFailure" time="0.091" classname="com.vmware.mangle.integrationtest.services.ITRoleControllerTest"/>
  <testcase name="deleteRolesITSuccessFailureRoleNotFound" time="0.093" classname="com.vmware.mangle.integrationtest.services.ITRoleControllerTest"/>
</testsuite> <!-- com.vmware.mangle.integrationtest.services.ITRoleControllerTest -->
