<?xml version="1.0" encoding="UTF-8"?>
<!-- Generated by org.testng.reporters.JUnitReportReporter -->
<testsuite skipped="0" hostname="HKILARI-W10" name="com.vmware.mangle.integrationtest.services.ITEndPointControllerTest" tests="15" failures="0" timestamp="23 Mar 2019 15:07:23 GMT" time="23.586" errors="0">
  <testcase name="addK8SCredentialsTest" time="0.187" classname="com.vmware.mangle.integrationtest.services.ITEndPointControllerTest"/>
  <testcase name="addRMCredentialsTest" time="0.273" classname="com.vmware.mangle.integrationtest.services.ITEndPointControllerTest"/>
  <testcase name="addVCenterCredentialsTest" time="0.265" classname="com.vmware.mangle.integrationtest.services.ITEndPointControllerTest"/>
  <testcase name="updateK8SCredentialsTest" time="0.194" classname="com.vmware.mangle.integrationtest.services.ITEndPointControllerTest"/>
  <testcase name="updateRMCredentialsTest" time="0.245" classname="com.vmware.mangle.integrationtest.services.ITEndPointControllerTest"/>
  <testcase name="getAllCredentialSpecTest" time="0.092" classname="com.vmware.mangle.integrationtest.services.ITEndPointControllerTest"/>
  <testcase name="addRMEndpointTest" time="2.580" classname="com.vmware.mangle.integrationtest.services.ITEndPointControllerTest"/>
  <testcase name="addK8SEndpointTest" time="12.245" classname="com.vmware.mangle.integrationtest.services.ITEndPointControllerTest"/>
  <testcase name="addDockerEndpointTest" time="0.770" classname="com.vmware.mangle.integrationtest.services.ITEndPointControllerTest"/>
  <testcase name="updateRMEndpointTest" time="2.569" classname="com.vmware.mangle.integrationtest.services.ITEndPointControllerTest"/>
  <testcase name="updateK8SEndpointTest" time="2.663" classname="com.vmware.mangle.integrationtest.services.ITEndPointControllerTest"/>
  <testcase name="updateDockerEndpointTest" time="0.873" classname="com.vmware.mangle.integrationtest.services.ITEndPointControllerTest"/>
  <testcase name="getAllEndpointSpecTest" time="0.088" classname="com.vmware.mangle.integrationtest.services.ITEndPointControllerTest"/>
  <testcase name="deleteEndpointSpecTest" time="0.265" classname="com.vmware.mangle.integrationtest.services.ITEndPointControllerTest"/>
  <testcase name="deleteCredentialSpecTest" time="0.277" classname="com.vmware.mangle.integrationtest.services.ITEndPointControllerTest"/>
</testsuite> <!-- com.vmware.mangle.integrationtest.services.ITEndPointControllerTest -->
