<?xml version="1.0" encoding="UTF-8"?>
<!-- Generated by org.testng.reporters.JUnitReportReporter -->
<testsuite skipped="0" hostname="HKILARI-W10" name="com.vmware.mangle.integrationtest.services.ITPluginFileControllerTest" tests="5" failures="0" timestamp="23 Mar 2019 15:07:23 GMT" time="0.466" errors="0">
  <testcase name="testUploadFile" time="0.099" classname="com.vmware.mangle.integrationtest.services.ITPluginFileControllerTest"/>
  <testcase name="testDownloadFile" time="0.098" classname="com.vmware.mangle.integrationtest.services.ITPluginFileControllerTest"/>
  <testcase name="testDeleteFile" time="0.087" classname="com.vmware.mangle.integrationtest.services.ITPluginFileControllerTest"/>
  <testcase name="testDownloadFileCase1" time="0.094" classname="com.vmware.mangle.integrationtest.services.ITPluginFileControllerTest"/>
  <testcase name="testDeleteFileCase1" time="0.088" classname="com.vmware.mangle.integrationtest.services.ITPluginFileControllerTest"/>
</testsuite> <!-- com.vmware.mangle.integrationtest.services.ITPluginFileControllerTest -->
