<?xml version="1.0" encoding="UTF-8"?>
<!-- Generated by org.testng.reporters.JUnitReportReporter -->
<testsuite skipped="0" hostname="HKILARI-W10" name="com.vmware.mangle.integrationtest.services.ITRoleControllerTest" tests="9" failures="0" timestamp="23 Mar 2019 12:48:04 GMT" time="1.541" errors="0">
  <testcase name="getPrivileges" time="0.664" classname="com.vmware.mangle.integrationtest.services.ITRoleControllerTest"/>
  <testcase name="getRoles" time="0.110" classname="com.vmware.mangle.integrationtest.services.ITRoleControllerTest"/>
  <testcase name="createRole" time="0.122" classname="com.vmware.mangle.integrationtest.services.ITRoleControllerTest"/>
  <testcase name="updateRoleITSuccessful" time="0.151" classname="com.vmware.mangle.integrationtest.services.ITRoleControllerTest"/>
  <testcase name="updateRoleITFailure" time="0.109" classname="com.vmware.mangle.integrationtest.services.ITRoleControllerTest"/>
  <testcase name="updateRoleITSuccessFailureRoleNotFound" time="0.096" classname="com.vmware.mangle.integrationtest.services.ITRoleControllerTest"/>
  <testcase name="removeRoleITSuccessfull" time="0.103" classname="com.vmware.mangle.integrationtest.services.ITRoleControllerTest"/>
  <testcase name="deleteRolesITFailureDefaultFailure" time="0.093" classname="com.vmware.mangle.integrationtest.services.ITRoleControllerTest"/>
  <testcase name="deleteRolesITSuccessFailureRoleNotFound" time="0.093" classname="com.vmware.mangle.integrationtest.services.ITRoleControllerTest"/>
</testsuite> <!-- com.vmware.mangle.integrationtest.services.ITRoleControllerTest -->
