<?xml version="1.0" encoding="UTF-8"?>
<!-- Generated by org.testng.reporters.JUnitReportReporter -->
<testsuite skipped="0" hostname="HKILARI-W10" name="com.vmware.mangle.integrationtest.services.ITAuthProviderController" tests="3" failures="0" timestamp="23 Mar 2019 15:07:23 GMT" time="2.230" errors="0">
  <testcase name="addADAuthProvider" time="1.412" classname="com.vmware.mangle.integrationtest.services.ITAuthProviderController"/>
  <testcase name="updateADAuthProvider" time="0.697" classname="com.vmware.mangle.integrationtest.services.ITAuthProviderController"/>
  <testcase name="getAllADAuthProviders" time="0.121" classname="com.vmware.mangle.integrationtest.services.ITAuthProviderController"/>
</testsuite> <!-- com.vmware.mangle.integrationtest.services.ITAuthProviderController -->
