<?xml version="1.0" encoding="UTF-8"?>
<!-- Generated by org.testng.reporters.JUnitReportReporter -->
<testsuite skipped="0" hostname="HKILARI-W10" name="com.vmware.mangle.integrationtest.services.ITDockerFaultInjection" tests="4" failures="0" timestamp="23 Mar 2019 12:48:04 GMT" time="172.446" errors="0">
  <testcase name="testDockerPause" time="40.731" classname="com.vmware.mangle.integrationtest.services.ITDockerFaultInjection"/>
  <testcase name="testDockerPauseRemediation" time="40.554" classname="com.vmware.mangle.integrationtest.services.ITDockerFaultInjection"/>
  <testcase name="testDockerStop" time="50.631" classname="com.vmware.mangle.integrationtest.services.ITDockerFaultInjection"/>
  <testcase name="testDockerStopRemediation" time="40.530" classname="com.vmware.mangle.integrationtest.services.ITDockerFaultInjection"/>
</testsuite> <!-- com.vmware.mangle.integrationtest.services.ITDockerFaultInjection -->
