<?xml version="1.0" encoding="UTF-8"?>
<!-- Generated by org.testng.reporters.JUnitReportReporter -->
<testsuite skipped="0" hostname="HKILARI-W10" name="com.vmware.mangle.integrationtest.services.ITUserControllerTest" tests="8" failures="0" timestamp="23 Mar 2019 12:48:04 GMT" time="1.226" errors="0">
  <testcase name="createUser" time="0.323" classname="com.vmware.mangle.integrationtest.services.ITUserControllerTest"/>
  <testcase name="createUserFailureITTest" time="0.114" classname="com.vmware.mangle.integrationtest.services.ITUserControllerTest"/>
  <testcase name="updateUserITTestSuccessfull" time="0.119" classname="com.vmware.mangle.integrationtest.services.ITUserControllerTest"/>
  <testcase name="updateUserITTestFailureUserNotFound" time="0.101" classname="com.vmware.mangle.integrationtest.services.ITUserControllerTest"/>
  <testcase name="updateUserITTestFailureRoleNotFound" time="0.099" classname="com.vmware.mangle.integrationtest.services.ITUserControllerTest"/>
  <testcase name="getAllUsers" time="0.093" classname="com.vmware.mangle.integrationtest.services.ITUserControllerTest"/>
  <testcase name="removeUserByName" time="0.183" classname="com.vmware.mangle.integrationtest.services.ITUserControllerTest"/>
  <testcase name="removeUserByNameFailure" time="0.194" classname="com.vmware.mangle.integrationtest.services.ITUserControllerTest"/>
</testsuite> <!-- com.vmware.mangle.integrationtest.services.ITUserControllerTest -->
