<?xml version="1.0" encoding="UTF-8"?>
<!-- Generated by org.testng.reporters.JUnitReportReporter -->
<testsuite skipped="0" hostname="HKILARI-W10" name="com.vmware.mangle.integrationtest.services.ITPluginFileControllerTest" tests="5" failures="0" timestamp="23 Mar 2019 12:48:04 GMT" time="0.529" errors="0">
  <testcase name="testUploadFile" time="0.132" classname="com.vmware.mangle.integrationtest.services.ITPluginFileControllerTest"/>
  <testcase name="testDownloadFile" time="0.119" classname="com.vmware.mangle.integrationtest.services.ITPluginFileControllerTest"/>
  <testcase name="testDeleteFile" time="0.090" classname="com.vmware.mangle.integrationtest.services.ITPluginFileControllerTest"/>
  <testcase name="testDownloadFileCase1" time="0.101" classname="com.vmware.mangle.integrationtest.services.ITPluginFileControllerTest"/>
  <testcase name="testDeleteFileCase1" time="0.087" classname="com.vmware.mangle.integrationtest.services.ITPluginFileControllerTest"/>
</testsuite> <!-- com.vmware.mangle.integrationtest.services.ITPluginFileControllerTest -->
